<?xml version="1.0" encoding="UTF-8"?>
<testng-results ignored="0" total="1" passed="1" failed="0" skipped="0">
  <reporter-output>
  </reporter-output>
  <suite started-at="2023-02-23T11:13:21 IST" name="Suite" finished-at="2023-02-23T11:13:26 IST" duration-ms="5381">
    <groups>
    </groups>
    <test started-at="2023-02-23T11:13:21 IST" name="Test" finished-at="2023-02-23T11:13:26 IST" duration-ms="5381">
      <class name="Sample.SoftAssert">
        <test-method is-config="true" signature="beforeTest()[pri:0, instance:Sample.SoftAssert@6fd83fc1]" started-at="2023-02-23T11:13:21 IST" name="beforeTest" finished-at="2023-02-23T11:13:26 IST" duration-ms="5234" status="PASS">
          <reporter-output>
          </reporter-output>
        </test-method> <!-- beforeTest -->
        <test-method signature="f()[pri:0, instance:Sample.SoftAssert@6fd83fc1]" started-at="2023-02-23T11:13:26 IST" name="f" finished-at="2023-02-23T11:13:26 IST" duration-ms="11" status="PASS">
          <reporter-output>
          </reporter-output>
        </test-method> <!-- f -->
        <test-method is-config="true" signature="afterTest()[pri:0, instance:Sample.SoftAssert@6fd83fc1]" started-at="2023-02-23T11:13:26 IST" name="afterTest" finished-at="2023-02-23T11:13:26 IST" duration-ms="114" status="PASS">
          <reporter-output>
          </reporter-output>
        </test-method> <!-- afterTest -->
      </class> <!-- Sample.SoftAssert -->
    </test> <!-- Test -->
  </suite> <!-- Suite -->
</testng-results>
